<?xml version="1.0" encoding="UTF-8"?>
<testng-results skipped="0" failed="0" ignored="0" total="1" passed="1">
  <reporter-output>
  </reporter-output>
  <suite name="Surefire suite" duration-ms="107220" started-at="2018-06-12T12:24:57Z" finished-at="2018-06-12T12:26:45Z">
    <groups>
    </groups>
    <test name="Surefire test" duration-ms="107220" started-at="2018-06-12T12:24:57Z" finished-at="2018-06-12T12:26:45Z">
      <class name="YMTest.YandexMarketTest">
        <test-method status="PASS" signature="setup()[pri:0, instance:YMTest.YandexMarketTest@63fdab07]" name="setup" is-config="true" duration-ms="76610" started-at="2018-06-12T12:24:57Z" finished-at="2018-06-12T12:26:14Z">
          <reporter-output>
          </reporter-output>
        </test-method> <!-- setup -->
        <test-method status="PASS" signature="testCellphoneSearch()[pri:0, instance:YMTest.YandexMarketTest@63fdab07]" name="testCellphoneSearch" duration-ms="28517" started-at="2018-06-12T12:26:14Z" finished-at="2018-06-12T12:26:43Z">
          <reporter-output>
          </reporter-output>
        </test-method> <!-- testCellphoneSearch -->
        <test-method status="PASS" signature="tearDown()[pri:0, instance:YMTest.YandexMarketTest@63fdab07]" name="tearDown" is-config="true" duration-ms="1234" started-at="2018-06-12T12:26:43Z" finished-at="2018-06-12T12:26:45Z">
          <reporter-output>
          </reporter-output>
        </test-method> <!-- tearDown -->
      </class> <!-- YMTest.YandexMarketTest -->
    </test> <!-- Surefire test -->
  </suite> <!-- Surefire suite -->
</testng-results>
